{
  "RSpec": {
    "coverage": {
      "/Users/arthurashman/Projects/MakersAcademy/week-4/bookmarks_manager/spec/features/adding_bookmarks_spec.rb": [
        1,
        null,
        1,
        1,
        1,
        null,
        1,
        1,
        1,
        1,
        null,
        null
      ],
      "/Users/arthurashman/Projects/MakersAcademy/week-4/bookmarks_manager/spec/features/homepage_spec.rb": [
        1,
        null,
        1,
        1,
        1,
        1,
        null,
        null,
        null
      ],
      "/Users/arthurashman/Projects/MakersAcademy/week-4/bookmarks_manager/spec/features/viewing_bookmarks_spec.rb": [
        1,
        null,
        1,
        1,
        1,
        null,
        1,
        1,
        1,
        null,
        1,
        null,
        1,
        1,
        1,
        null,
        null
      ],
      "/Users/arthurashman/Projects/MakersAcademy/week-4/bookmarks_manager/spec/units/bookmark_spec.rb": [
        1,
        1,
        null,
        1,
        1,
        1,
        1,
        null,
        1,
        1,
        1,
        null,
        1,
        null,
        1,
        1,
        1,
        null,
        null,
        null,
        null
      ]
    },
    "timestamp": 1553696567
  }
}
