{
  "RSpec": {
    "coverage": {
      "/Users/student/Documents/week-4/bookmark_manager/03-arthur-wednesday/spec/features/adding_bookmarks_spec.rb": [
        1,
        null,
        1,
        1,
        1,
        null,
        1,
        1,
        1,
        1,
        1,
        1,
        null,
        null
      ],
      "/Users/student/Documents/week-4/bookmark_manager/03-arthur-wednesday/spec/features/deleting_bookmarks_spec.rb": [
        1,
        null,
        1,
        1,
        1,
        null,
        1,
        1,
        1,
        1,
        2,
        1,
        null,
        null,
        null,
        null
      ],
      "/Users/student/Documents/week-4/bookmark_manager/03-arthur-wednesday/spec/features/homepage_spec.rb": [
        1,
        null,
        1,
        1,
        1,
        1,
        null,
        null,
        null
      ],
      "/Users/student/Documents/week-4/bookmark_manager/03-arthur-wednesday/spec/features/viewing_bookmarks_spec.rb": [
        1,
        null,
        1,
        1,
        1,
        1,
        null,
        1,
        null,
        1,
        1,
        null,
        null
      ],
      "/Users/student/Documents/week-4/bookmark_manager/03-arthur-wednesday/spec/units/bookmark_spec.rb": [
        1,
        1,
        null,
        1,
        1,
        1,
        1,
        1,
        1,
        1,
        null,
        1,
        null,
        1,
        1,
        1,
        1,
        1,
        null,
        null,
        null,
        null,
        1,
        1,
        1,
        1,
        null,
        1,
        1,
        1,
        1,
        null,
        null,
        null,
        1,
        1,
        1,
        null,
        1,
        1,
        null,
        1,
        null,
        1,
        1,
        null,
        null,
        null,
        null,
        null
      ]
    },
    "timestamp": 1553871399
  }
}
